<?xml version="1.0" encoding="UTF-8"?>
<!-- Generated by org.testng.reporters.JUnitXMLReporter -->
<testsuite ignored="0" hostname="HP-RL" failures="0" tests="3" name="Test" time="0.04" errors="0" timestamp="2025-12-03T12:31:14 IST">
  <testcase classname="github.GithubPracticeTest" name="githubPracticeTest" time="0.007"/>
  <testcase classname="jenkins.JenkinsPracticeTest" name="jenkinsPracticeTest" time="0.001"/>
  <testcase classname="maven.MavenPracticeTest" name="mavenPracticeTest" time="0.0"/>
</testsuite> <!-- Test -->
