<?xml version="1.0" encoding="UTF-8"?>
<!-- Generated by org.testng.reporters.JUnitReportReporter -->
<testsuite hostname="HP-RL" failures="0" tests="1" name="github.GithubPracticeTest" time="0.007" errors="0" timestamp="2025-12-03T12:31:14 IST" skipped="0">
  <testcase classname="github.GithubPracticeTest" name="githubPracticeTest" time="0.007">
    <system-out>
      <![CDATA[Hii Github]]>
    </system-out>
  </testcase> <!-- githubPracticeTest -->
  <system-out>
    <![CDATA[Hii Github
Hii jenkins
Hii Mavven]]>
  </system-out>
</testsuite> <!-- github.GithubPracticeTest -->
