<?xml version="1.0" encoding="UTF-8"?>
<!-- Generated by org.testng.reporters.JUnitReportReporter -->
<testsuite hostname="HP-RL" failures="0" tests="1" name="maven.MavenPracticeTest" time="0.000" errors="0" timestamp="2025-12-03T12:31:14 IST" skipped="0">
  <testcase classname="maven.MavenPracticeTest" name="mavenPracticeTest" time="0.000">
    <system-out>
      <![CDATA[Hii Mavven]]>
    </system-out>
  </testcase> <!-- mavenPracticeTest -->
  <system-out>
    <![CDATA[Hii Github
Hii jenkins
Hii Mavven]]>
  </system-out>
</testsuite> <!-- maven.MavenPracticeTest -->
