<?xml version="1.0" encoding="UTF-8"?>
<!-- Generated by org.testng.reporters.JUnitReportReporter -->
<testsuite hostname="HP-RL" failures="0" tests="1" name="jenkins.JenkinsPracticeTest" time="0.001" errors="0" timestamp="2025-12-03T12:31:14 IST" skipped="0">
  <testcase classname="jenkins.JenkinsPracticeTest" name="jenkinsPracticeTest" time="0.001">
    <system-out>
      <![CDATA[Hii jenkins]]>
    </system-out>
  </testcase> <!-- jenkinsPracticeTest -->
  <system-out>
    <![CDATA[Hii Github
Hii jenkins
Hii Mavven]]>
  </system-out>
</testsuite> <!-- jenkins.JenkinsPracticeTest -->
